<?xml version="1.0" encoding="UTF-8"?>
<!-- Generated by org.testng.reporters.JUnitReportReporter -->
<testsuite hostname="DESKTOP-DRMO985" failures="0" tests="1" name="WeatherAPITest" time="4.053" errors="0" timestamp="2024-08-20T15:28:36 IST" skipped="0">
  <testcase classname="WeatherAPITest" name="Test2" time="4.053"/>
</testsuite> <!-- WeatherAPITest -->
