<?xml version="1.0" encoding="UTF-8"?>
<!-- Generated by org.testng.reporters.JUnitReportReporter -->
<testsuite hostname="DESKTOP-DRMO985" failures="0" tests="2" name="RestAssuredAPITest" time="2.240" errors="0" timestamp="2024-08-17T15:50:55 IST" skipped="0">
  <testcase classname="RestAssuredAPITest" name="getRequest" time="0.114"/>
  <testcase classname="RestAssuredAPITest" name="Test2" time="2.126"/>
</testsuite> <!-- RestAssuredAPITest -->
