<?xml version="1.0" encoding="UTF-8"?>
<!-- Generated by org.testng.reporters.JUnitReportReporter -->
<testsuite hostname="DESKTOP-DRMO985" failures="0" tests="1" name="RestAssuredAPITest" time="1.240" errors="0" timestamp="2024-08-16T20:19:37 IST" skipped="0">
  <testcase classname="RestAssuredAPITest" name="getRequest" time="1.240"/>
</testsuite> <!-- RestAssuredAPITest -->
