<?xml version="1.0" encoding="UTF-8"?>
<!-- Generated by org.testng.reporters.JUnitReportReporter -->
<testsuite hostname="DESKTOP-DRMO985" failures="0" tests="1" name="PostRequestTest" time="1.567" errors="0" timestamp="2024-08-20T15:40:23 IST" skipped="0">
  <testcase classname="PostRequestTest" name="postRequestTest" time="1.567"/>
</testsuite> <!-- PostRequestTest -->
