<?xml version="1.0" encoding="UTF-8"?>
<!-- Generated by org.testng.reporters.JUnitReportReporter -->
<testsuite hostname="DESKTOP-DRMO985" failures="0" tests="1" name="RestAssuredAPITest" time="1.990" errors="0" timestamp="2024-08-17T15:53:01 IST" skipped="0">
  <testcase classname="RestAssuredAPITest" name="Test2" time="1.990"/>
</testsuite> <!-- RestAssuredAPITest -->
